<?xml version="1.0" encoding="UTF-8"?>
<testng-results ignored="0" total="0" passed="0" failed="0" skipped="0">
  <reporter-output>
  </reporter-output>
  <suite started-at="2025-12-18T18:03:47 CST" name="SeleniumSuite" finished-at="2025-12-18T18:03:47 CST" duration-ms="4">
    <groups>
    </groups>
    <test started-at="2025-12-18T18:03:47 CST" name="org.tests.GoogleTest" finished-at="2025-12-18T18:03:47 CST" duration-ms="4">
    </test> <!-- org.tests.GoogleTest -->
  </suite> <!-- SeleniumSuite -->
</testng-results>
